sample.interval=20000
"gc" "system.time" 
"file.exists" "find.package" "index.search" "help" "eval" "eval" "?" 
"writeContent" "writeBlock" "writeContent" "writeQ" "writeBlock" "writeContent" "writeSection" "tools::Rd2txt" "print.help_files_with_topic" "<Anonymous>" 
"close" "readRDS" "lazyLoadDBexec" "tools:::fetchRdDB" ".getHelpFile" "prepare_Rd" "tools::Rd2txt" "print.help_files_with_topic" "<Anonymous>" 
"match.call" "stopifnot" "tail.default" ".completeToken" 
"grep" "findExactMatches" "findMatches" "matchAvailableTopics" "helpCompletions" "specialCompletions" ".completeToken" 
"ls" "apropos" "normalCompletions" ".completeToken" 
"deparse" "mode" "match" "%in%" "deparse" "paste" "force" "as.data.frame.integer" "as.data.frame" "data.frame" "inFunction" ".completeToken" 
"file.exists" "FUN" "lapply" "find.package" "index.search" "help" "eval" "eval" "?" 
"paste0" "strwrap" "paste" "txt_header" "paste0" "put" "putf" "writeSection" "tools::Rd2txt" "print.help_files_with_topic" "<Anonymous>" 
"flushBuffer" "blankLine" "writeContent" "writeSection" "tools::Rd2txt" "print.help_files_with_topic" "<Anonymous>" 
"cumsum" "strwrap" "flushBuffer" "blankLine" "writeSection" "tools::Rd2txt" "print.help_files_with_topic" "<Anonymous>" 
"Rd2txt_options" ".Rd_get_text" "gsub" ".Rd_format_title" "writeSection" "tools::Rd2txt" "print.help_files_with_topic" "<Anonymous>" 
"ls" "apropos" "normalCompletions" ".completeToken" 
"unlist" ".S3methods" "methods" "doTryCatch" "tryCatchOne" "tryCatchList" "doTryCatch" "tryCatchOne" "tryCatchList" "tryCatch" "functionArgs" ".completeToken" 
"download.file" 
"download.file" 
"download.file" 
"download.file" 
"download.file" 
"download.file" 
"download.file" 
".External" "unzip" 
"duplicated" ".S3methods" "methods" "doTryCatch" "tryCatchOne" "tryCatchList" "doTryCatch" "tryCatchOne" "tryCatchList" "tryCatch" "functionArgs" ".completeToken" 
"ls" "match" "%in%" "find" "getAnywhere" "<Anonymous>" "do.call" "FUN" "lapply" "unlist" "unique" "functionArgs" ".completeToken" 
"FUN" "lapply" ".S3methods" "methods" "doTryCatch" "tryCatchOne" "tryCatchList" "doTryCatch" "tryCatchOne" "tryCatchList" "tryCatch" "functionArgs" ".completeToken" 
"sys.call" "match" "%in%" "[[.data.frame" "[[" "[.data.frame" "[" ".MethodsFunction" "methods" "doTryCatch" "tryCatchOne" "tryCatchList" "doTryCatch" "tryCatchOne" "tryCatchList" "tryCatch" "functionArgs" ".completeToken" 
"ls" "apropos" "normalCompletions" ".completeToken" 
"grep" "ls" "apropos" "normalCompletions" ".completeToken" 
"scan" "read.table" "read.csv" 
"scan" "read.table" "read.csv" 
"scan" "read.table" "read.csv" 
"scan" "read.table" "read.csv" 
"scan" "read.table" "read.csv" 
"scan" "read.table" "read.csv" 
"scan" "read.table" "read.csv" 
"scan" "read.table" "read.csv" 
"scan" "read.table" "read.csv" 
"scan" "read.table" "read.csv" 
"scan" "read.table" "read.csv" 
"scan" "read.table" "read.csv" 
"scan" "read.table" "read.csv" 
"scan" "read.table" "read.csv" 
"scan" "read.table" "read.csv" 
"c" "eval" "eval" "match.arg" "format.default" "format" "format.data.frame" "as.matrix" "print.data.frame" "<Anonymous>" 
"<Anonymous>" "lazyLoadDBfetch" "genericForBasic" "getGeneric" ".S4methodsForGeneric" "methods::.S4methods" "methods" "doTryCatch" "tryCatchOne" "tryCatchList" "doTryCatch" "tryCatchOne" "tryCatchList" "tryCatch" "functionArgs" ".completeToken" 
"rbindSome" ".S3methods" "methods" "doTryCatch" "tryCatchOne" "tryCatchList" "doTryCatch" "tryCatchOne" "tryCatchList" "tryCatch" "functionArgs" ".completeToken" 
"cat" "str.default" "str" "<Anonymous>" "do.call" "strSub" "str.default" "NextMethod" "str.data.frame" "str" 
"grep" "ls" "apropos" "normalCompletions" ".completeToken" 
"methods::is" "findGeneric" ".S3methods" "methods" "doTryCatch" "tryCatchOne" "tryCatchList" "doTryCatch" "tryCatchOne" "tryCatchList" "tryCatch" "functionArgs" ".completeToken" 
"[.data.frame" "[" ".MethodsFunction" "methods" "doTryCatch" "tryCatchOne" "tryCatchList" "doTryCatch" "tryCatchOne" "tryCatchList" "tryCatch" "functionArgs" ".completeToken" 
"print.default" "print" "print.data.frame" "<Anonymous>" 
".External" "<Anonymous>" ".External" "dev.hold" "plot.histogram" "plot" "hist.default" "hist" 
".External" "<Anonymous>" ".External" "dev.hold" "plot.histogram" "plot" "hist.default" "hist" 
".External" "<Anonymous>" ".External" "dev.hold" "plot.histogram" "plot" "hist.default" "hist" 
".External" "<Anonymous>" ".External" "dev.hold" "plot.histogram" "plot" "hist.default" "hist" 
".External" "dev.flush" "plot.histogram" "plot" "hist.default" "hist" 
"format.default" "format" "format.data.frame" "as.matrix" "print.data.frame" "<Anonymous>" 
"format.default" "format" "format.data.frame" "as.matrix" "print.data.frame" "<Anonymous>" 
"format.default" "format" "format.data.frame" "as.matrix" "print.data.frame" "<Anonymous>" 
"formals" "match.arg" "format.default" "format" "format.data.frame" "as.matrix" "print.data.frame" "<Anonymous>" 
"prettyNum" "format.default" "format" "format.data.frame" "as.matrix" "print.data.frame" "<Anonymous>" 
"format.default" "format" "format.data.frame" "as.matrix" "print.data.frame" "<Anonymous>" 
"formals" "match.arg" "format.default" "format" "format.data.frame" "as.matrix" "print.data.frame" "<Anonymous>" 
"format.default" "format" "format.data.frame" "as.matrix" "print.data.frame" "<Anonymous>" 
"format.default" "format" "format.data.frame" "as.matrix" "print.data.frame" "<Anonymous>" 
"format.default" "format" "format.data.frame" "as.matrix" "print.data.frame" "<Anonymous>" 
"format.default" "format" "format.data.frame" "as.matrix" "print.data.frame" "<Anonymous>" 
"format.default" "format" "format.data.frame" "as.matrix" "print.data.frame" "<Anonymous>" 
"format.default" "format" "format.data.frame" "as.matrix" "print.data.frame" "<Anonymous>" 
"format.default" "format" "format.data.frame" "as.matrix" "print.data.frame" "<Anonymous>" 
"format.default" "format" "format.data.frame" "as.matrix" "print.data.frame" "<Anonymous>" 
"format.default" "format" "format.data.frame" "as.matrix" "print.data.frame" "<Anonymous>" 
"format.default" "format" "format.data.frame" "as.matrix" "print.data.frame" "<Anonymous>" 
"format.default" "format" "format.data.frame" "as.matrix" "print.data.frame" "<Anonymous>" 
"format.default" "format" "format.data.frame" "as.matrix" "print.data.frame" "<Anonymous>" 
"format.default" "format" "format.data.frame" "as.matrix" "print.data.frame" "<Anonymous>" 
"eval" "match.arg" "format.default" "format" "format.data.frame" "as.matrix" "print.data.frame" "<Anonymous>" 
"format.default" "format" "format.data.frame" "as.matrix" "print.data.frame" "<Anonymous>" 
"format.default" "format" "format.data.frame" "as.matrix" "print.data.frame" "<Anonymous>" 
"format.default" "format" "format.data.frame" "as.matrix" "print.data.frame" "<Anonymous>" 
"print.default" "print" "print.data.frame" "<Anonymous>" 
"print.default" "print" "print.data.frame" "<Anonymous>" 
"print.default" "print" "print.data.frame" "<Anonymous>" 
"print.default" "print" "print.data.frame" "<Anonymous>" 
"print.default" "print" "print.data.frame" "<Anonymous>" 
"print.default" "print" "print.data.frame" "<Anonymous>" 
"print.default" "print" "print.data.frame" "<Anonymous>" 
"print.default" "print" "print.data.frame" "<Anonymous>" 
"print.default" "print" "print.data.frame" "<Anonymous>" 
"print.default" "print" "print.data.frame" "<Anonymous>" 
"print.default" "print" "print.data.frame" "<Anonymous>" 
"print.default" "print" "print.data.frame" "<Anonymous>" 
"print.default" "print" "print.data.frame" "<Anonymous>" 
"print.default" "print" "print.data.frame" "<Anonymous>" 
"print.default" "print" "print.data.frame" "<Anonymous>" 
"print.default" "print" "print.data.frame" "<Anonymous>" 
"print.default" "print" "print.data.frame" "<Anonymous>" 
"print.default" "print" "print.data.frame" "<Anonymous>" 
"print.default" "print" "print.data.frame" "<Anonymous>" 
"print.default" "print" "print.data.frame" "<Anonymous>" 
"print.default" "print" "print.data.frame" "<Anonymous>" 
"print.default" "print" "print.data.frame" "<Anonymous>" 
"print.default" "print" "print.data.frame" "<Anonymous>" 
"print.default" "print" "print.data.frame" "<Anonymous>" 
"print.default" "print" "print.data.frame" "<Anonymous>" 
"print.default" "print" "print.data.frame" "<Anonymous>" 
"print.default" "print" "print.data.frame" "<Anonymous>" 
"print.default" "print" "print.data.frame" "<Anonymous>" 
"print.default" "print" "print.data.frame" "<Anonymous>" 
"print.default" "print" "print.data.frame" "<Anonymous>" 
"print.default" "print" "print.data.frame" "<Anonymous>" 
"print.default" "print" "print.data.frame" "<Anonymous>" 
"print.default" "print" "print.data.frame" "<Anonymous>" 
"print.default" "print" "print.data.frame" "<Anonymous>" 
"print.default" "print" "print.data.frame" "<Anonymous>" 
"print.default" "print" "print.data.frame" "<Anonymous>" 
"print.default" "print" "print.data.frame" "<Anonymous>" 
"print.default" "print" "print.data.frame" "<Anonymous>" 
"print.default" "print" "print.data.frame" "<Anonymous>" 
"print.default" "print" "print.data.frame" "<Anonymous>" 
"print.default" "print" "print.data.frame" "<Anonymous>" 
"print.default" "print" "print.data.frame" "<Anonymous>" 
"print.default" "print" "print.data.frame" "<Anonymous>" 
"print.default" "print" "print.data.frame" "<Anonymous>" 
"print.default" "print" "print.data.frame" "<Anonymous>" 
"print.default" "print" "print.data.frame" "<Anonymous>" 
"print.default" "print" "print.data.frame" "<Anonymous>" 
"data.frame" "inFunction" ".completeToken" 
"names" "match" "%in%" "Rd2txt" "tryCatchList" "tryCatch" ".Rd_get_text" ".Rd_get_title" "gsub" ".Rd_format_title" "tools::Rd2txt" "print.help_files_with_topic" "<Anonymous>" 
"file.show" "print.help_files_with_topic" "<Anonymous>" 
"scan" "read.table" "read.csv" "best" 
"scan" "read.table" "read.csv" "best" 
"scan" "read.table" "read.csv" "best" 
"scan" "read.table" "read.csv" "best" 
"scan" "read.table" "read.csv" "best" 
"scan" "read.table" "read.csv" "best" 
"scan" "read.table" "read.csv" "best" 
"scan" "read.table" "read.csv" "best" 
"scan" "read.table" "read.csv" "best" 
"scan" "read.table" "read.csv" "best" 
"scan" "read.table" "read.csv" "best" 
"scan" "read.table" "read.csv" "best" 
"scan" "read.table" "read.csv" "best" 
"scan" "read.table" "read.csv" "best" 
"scan" "read.table" "read.csv" "best" 
"scan" "read.table" "read.csv" "best" 
"scan" "read.table" "read.csv" "best" 
"scan" "read.table" "read.csv" "best" 
"scan" "read.table" "read.csv" "best" 
"scan" "read.table" "read.csv" "best" 
"scan" "read.table" "read.csv" "best" 
"scan" "read.table" "read.csv" "best" 
"scan" "read.table" "read.csv" "best" 
"scan" "read.table" "read.csv" "best" 
"scan" "read.table" "read.csv" "best" 
"scan" "read.table" "read.csv" "best" 
"scan" "read.table" "read.csv" "best" 
"scan" "read.table" "read.csv" "best" 
"scan" "read.table" "read.csv" "best" 
"scan" "read.table" "read.csv" "best" 
"gregexpr" "tail.default" ".completeToken" 
"scan" "read.table" "read.csv" "best" 
"scan" "read.table" "read.csv" "best" 
"scan" "read.table" "read.csv" "best" 
"scan" "read.table" "read.csv" "best" 
"scan" "read.table" "read.csv" "best" 
"scan" "read.table" "read.csv" "best" 
"scan" "read.table" "read.csv" "best" 
"scan" "read.table" "read.csv" "best" 
"scan" "read.table" "read.csv" "best" 
"scan" "read.table" "read.csv" "best" 
"scan" "read.table" "read.csv" "best" 
"scan" "read.table" "read.csv" "best" 
"scan" "read.table" "read.csv" "best" 
"scan" "read.table" "read.csv" "best" 
"match" "%in%" "best" 
"match" "%in%" "best" 
"match" "%in%" "best" 
"match" "%in%" "best" 
"match" "%in%" "best" 
"match" "%in%" "best" 
"match" "%in%" "best" 
"match" "%in%" "best" 
"match" "%in%" "best" 
"match" "%in%" "best" 
"match" "%in%" "best" 
"match" "%in%" "best" 
"match" "%in%" "best" 
"match" "%in%" "best" 
"match" "%in%" "best" 
"match" "%in%" "best" 
"match" "%in%" "best" 
"match" "%in%" "best" 
"match" "%in%" "best" 
"match" "%in%" "best" 
"match" "%in%" "best" 
"match" "%in%" "best" 
"match" "%in%" "best" 
"match" "%in%" "best" 
"match" "%in%" "best" 
"match" "%in%" "best" 
"match" "%in%" "best" 
"match" "%in%" "best" 
"match" "%in%" "best" 
"match" "%in%" "best" 
"match" "%in%" "best" 
"match" "%in%" "best" 
"match" "%in%" "best" 
"match" "%in%" "best" 
"match" "%in%" "best" 
"match" "%in%" "best" 
"match" "%in%" "best" 
"match" "%in%" "best" 
"match" "%in%" "best" 
"match" "%in%" "best" 
"match" "%in%" "best" 
"match" "%in%" "best" 
"match" "%in%" "best" 
"match" "%in%" "best" 
"match" "%in%" "best" 
"match" "%in%" "best" 
"match" "%in%" "best" 
"match" "%in%" "best" 
"match" "%in%" "best" 
"match" "%in%" "best" 
"match" "%in%" "best" 
"match" "%in%" "best" 
"match" "%in%" "best" 
"match" "%in%" "best" 
"match" "%in%" "best" 
"match" "%in%" "best" 
"match" "%in%" "best" 
"match" "%in%" "best" 
"match" "%in%" "best" 
"match" "%in%" "best" 
"match" "%in%" "best" 
"match" "%in%" "best" 
"match" "%in%" "best" 
"match" "%in%" "best" 
"match" "%in%" "best" 
"match" "%in%" "best" 
"match" "%in%" "best" 
"match" "%in%" "best" 
"match" "%in%" "best" 
"match" "%in%" "best" 
"match" "%in%" "best" 
"match" "%in%" "best" 
"match" "%in%" "best" 
"match" "%in%" "best" 
"match" "%in%" "best" 
"match" "%in%" "best" 
"match" "%in%" "best" 
"match" "%in%" "best" 
".completeToken" 
"stopifnot" "FUN" "lapply" "sapply" "specialOpLocs" ".completeToken" 
"scan" "read.table" "read.csv" "best" 
"scan" "read.table" "read.csv" "best" 
"scan" "read.table" "read.csv" "best" 
"scan" "read.table" "read.csv" "best" 
"scan" "read.table" "read.csv" "best" 
"scan" "read.table" "read.csv" "best" 
"scan" "read.table" "read.csv" "best" 
"scan" "read.table" "read.csv" "best" 
"scan" "read.table" "read.csv" "best" 
"scan" "read.table" "read.csv" "best" 
"scan" "read.table" "read.csv" "best" 
"scan" "read.table" "read.csv" "best" 
"scan" "read.table" "read.csv" "best" 
"scan" "read.table" "read.csv" "best" 
"scan" "read.table" "read.csv" "best" 
"scan" "read.table" "read.csv" "best" 
"scan" "read.table" "read.csv" "best" 
"scan" "read.table" "read.csv" "best" 
"scan" "read.table" "read.csv" "best" 
"scan" "read.table" "read.csv" "best" 
"scan" "read.table" "read.csv" "best" 
"scan" "read.table" "read.csv" "best" 
"scan" "read.table" "read.csv" "best" 
"scan" "read.table" "read.csv" "best" 
"scan" "read.table" "read.csv" "best" 
"scan" "read.table" "read.csv" "best" 
"scan" "read.table" "read.csv" "best" 
"scan" "read.table" "read.csv" "best" 
"gsub" ".Rd_format_title" "tools::Rd2txt" "print.help_files_with_topic" "<Anonymous>" 
"frmt" "paste0" "put" "putw" "writeContent" "writeSection" "tools::Rd2txt" "print.help_files_with_topic" "<Anonymous>" 
"writeBlock" "writeContent" "writeSection" "tools::Rd2txt" "print.help_files_with_topic" "<Anonymous>" 
"tabExpand" "writeCode" "writeCodeBlock" "writeSection" "tools::Rd2txt" "print.help_files_with_topic" "<Anonymous>" 
"grepl" "put" "putw" "writeBlock" "writeContent" "writeSection" "tools::Rd2txt" "print.help_files_with_topic" "<Anonymous>" 
"grepl" "blankLine" "writeContent" "writeBlock" "writeContent" "writeSection" "tools::Rd2txt" "print.help_files_with_topic" "<Anonymous>" 
"strwrap" "flushBuffer" "blankLine" "writeSection" "tools::Rd2txt" "print.help_files_with_topic" "<Anonymous>" 
"file.show" "print.help_files_with_topic" "<Anonymous>" 
"print.default" "print" "print.data.frame" "<Anonymous>" 
"format.default" "format" "format.data.frame" "as.matrix" "print.data.frame" "<Anonymous>" 
"format.default" "format" "format.data.frame" "as.matrix" "print.data.frame" "<Anonymous>" 
"format.default" "format" "format.data.frame" "as.matrix" "print.data.frame" "<Anonymous>" 
"print.default" "print" "print.data.frame" "<Anonymous>" 
"print.default" "print" "print.data.frame" "<Anonymous>" 
"print.default" "print" "print.data.frame" "<Anonymous>" 
"print.default" "print" "print.data.frame" "<Anonymous>" 
"print.default" "print" "print.data.frame" "<Anonymous>" 
"print.default" "print" "print.data.frame" "<Anonymous>" 
"print.default" "print" "print.data.frame" "<Anonymous>" 
"print.default" "print" "print.data.frame" "<Anonymous>" 
"print.default" "print" "print.data.frame" "<Anonymous>" 
".External" "<Anonymous>" ".External" "dev.hold" "plot.histogram" "plot" "hist.default" "hist" 
".External2" "plot.new" "plot.histogram" "plot" "hist.default" "hist" 
"print.default" "print" "print.data.frame" "<Anonymous>" 
"print.default" "print" "print.data.frame" "<Anonymous>" 
"print.default" "print" "print.data.frame" "<Anonymous>" 
"print.default" "print" "print.data.frame" "<Anonymous>" 
"print.default" "print" "print.data.frame" "<Anonymous>" 
"cat" "str.default" "str" "<Anonymous>" "do.call" "strSub" "str.default" "NextMethod" "str.data.frame" "str" 
"get" "FUN" "lapply" "getAnywhere" "<Anonymous>" "do.call" "FUN" "lapply" "unlist" "unique" "functionArgs" ".completeToken" 
"print.default" "print" "print.data.frame" "<Anonymous>" 
"ls" "match" "%in%" "find" "getAnywhere" "<Anonymous>" "do.call" "FUN" "lapply" "unlist" "unique" "functionArgs" ".completeToken" 
"as.matrix.data.frame" "as.matrix" "print.data.frame" "<Anonymous>" 
"getwd" "srcfilecopy" "parse" "eval" "doTryCatch" "tryCatchOne" "tryCatchList" "tryCatch" "tryToEval" "specialOpCompletionsHelper" "specialCompletions" ".completeToken" 
"print.default" "print" "print.data.frame" "<Anonymous>" 
"tail.default" ".completeToken" 
"scan" "read.table" "read.csv" "best" 
"scan" "read.table" "read.csv" "best" 
"scan" "read.table" "read.csv" "best" 
"scan" "read.table" "read.csv" "best" 
"scan" "read.table" "read.csv" "best" 
"scan" "read.table" "read.csv" "best" 
"scan" "read.table" "read.csv" "best" 
"scan" "read.table" "read.csv" "best" 
"scan" "read.table" "read.csv" "best" 
"scan" "read.table" "read.csv" "best" 
"scan" "read.table" "read.csv" "best" 
"scan" "read.table" "read.csv" "best" 
"scan" "read.table" "read.csv" "best" 
"scan" "read.table" "read.csv" "best" 
"scan" "read.table" "read.csv" "best" 
"scan" "read.table" "read.csv" "best" 
"scan" "read.table" "read.csv" "best" 
"scan" "read.table" "read.csv" "best" 
"scan" "read.table" "read.csv" "best" 
"scan" "read.table" "read.csv" "best" 
"scan" "read.table" "read.csv" "best" 
"scan" "read.table" "read.csv" "best" 
"scan" "read.table" "read.csv" "best" 
"scan" "read.table" "read.csv" "best" 
"scan" "read.table" "read.csv" "best" 
"scan" "read.table" "read.csv" "best" 
"scan" "read.table" "read.csv" "best" 
"scan" "read.table" "read.csv" "best" 
"scan" "read.table" "read.csv" "best" 
"scan" "read.table" "read.csv" "best" 
"best" 
"best" 
"best" 
"best" 
"best" 
"ls" "apropos" "normalCompletions" ".completeToken" 
"best" 
"scan" "read.table" "read.csv" "best" 
"scan" "read.table" "read.csv" "best" 
"scan" "read.table" "read.csv" "best" 
"scan" "read.table" "read.csv" "best" 
"scan" "read.table" "read.csv" "best" 
"scan" "read.table" "read.csv" "best" 
"scan" "read.table" "read.csv" "best" 
"scan" "read.table" "read.csv" "best" 
"scan" "read.table" "read.csv" "best" 
"scan" "read.table" "read.csv" "best" 
"scan" "read.table" "read.csv" "best" 
"scan" "read.table" "read.csv" "best" 
"scan" "read.table" "read.csv" "best" 
"scan" "read.table" "read.csv" "best" 
"scan" "read.table" "read.csv" "best" 
"format.default" "format" "format.data.frame" "as.matrix" "print.data.frame" "<Anonymous>" "best" 
"mode" "format.default" "format" "format.data.frame" "as.matrix" "print.data.frame" "<Anonymous>" "best" 
"format.default" "format" "format.data.frame" "as.matrix" "print.data.frame" "<Anonymous>" "best" 
"format.default" "format" "format.data.frame" "as.matrix" "print.data.frame" "<Anonymous>" "best" 
"format.default" "format" "format.data.frame" "as.matrix" "print.data.frame" "<Anonymous>" "best" 
"format.default" "format" "format.data.frame" "as.matrix" "print.data.frame" "<Anonymous>" "best" 
"format.default" "format" "format.data.frame" "as.matrix" "print.data.frame" "<Anonymous>" "best" 
"format.default" "format" "format.data.frame" "as.matrix" "print.data.frame" "<Anonymous>" "best" 
"format.default" "format" "format.data.frame" "as.matrix" "print.data.frame" "<Anonymous>" "best" 
"format.default" "format" "format.data.frame" "as.matrix" "print.data.frame" "<Anonymous>" "best" 
"format.default" "format" "format.data.frame" "as.matrix" "print.data.frame" "<Anonymous>" "best" 
"format.default" "format" "format.data.frame" "as.matrix" "print.data.frame" "<Anonymous>" "best" 
"format.default" "format" "format.data.frame" "as.matrix" "print.data.frame" "<Anonymous>" "best" 
"format.default" "format" "format.data.frame" "as.matrix" "print.data.frame" "<Anonymous>" "best" 
"format.default" "format" "format.data.frame" "as.matrix" "print.data.frame" "<Anonymous>" "best" 
"format.default" "format" "format.data.frame" "as.matrix" "print.data.frame" "<Anonymous>" "best" 
"format.default" "format" "format.data.frame" "as.matrix" "print.data.frame" "<Anonymous>" "best" 
"format.default" "format" "format.data.frame" "as.matrix" "print.data.frame" "<Anonymous>" "best" 
"format.default" "format" "format.data.frame" "as.matrix" "print.data.frame" "<Anonymous>" "best" 
"format.default" "format" "format.data.frame" "as.matrix" "print.data.frame" "<Anonymous>" "best" 
"format.default" "format" "format.data.frame" "as.matrix" "print.data.frame" "<Anonymous>" "best" 
"format.default" "format" "format.data.frame" "as.matrix" "print.data.frame" "<Anonymous>" "best" 
"format.default" "format" "format.data.frame" "as.matrix" "print.data.frame" "<Anonymous>" "best" 
"format.default" "format" "format.data.frame" "as.matrix" "print.data.frame" "<Anonymous>" "best" 
"print.default" "print" "print.data.frame" "<Anonymous>" "best" 
"print.default" "print" "print.data.frame" "<Anonymous>" "best" 
"print.default" "print" "print.data.frame" "<Anonymous>" "best" 
"print.default" "print" "print.data.frame" "<Anonymous>" "best" 
"print.default" "print" "print.data.frame" "<Anonymous>" "best" 
"print.default" "print" "print.data.frame" "<Anonymous>" "best" 
"print.default" "print" "print.data.frame" "<Anonymous>" "best" 
"print.default" "print" "print.data.frame" "<Anonymous>" "best" 
"print.default" "print" "print.data.frame" "<Anonymous>" "best" 
"print.default" "print" "print.data.frame" "<Anonymous>" "best" 
"print.default" "print" "print.data.frame" "<Anonymous>" "best" 
"print.default" "print" "print.data.frame" "<Anonymous>" "best" 
"print.default" "print" "print.data.frame" "<Anonymous>" "best" 
"print.default" "print" "print.data.frame" "<Anonymous>" "best" 
"print.default" "print" "print.data.frame" "<Anonymous>" "best" 
"print.default" "print" "print.data.frame" "<Anonymous>" "best" 
"print.default" "print" "print.data.frame" "<Anonymous>" "best" 
"print.default" "print" "print.data.frame" "<Anonymous>" "best" 
"print.default" "print" "print.data.frame" "<Anonymous>" "best" 
"print.default" "print" "print.data.frame" "<Anonymous>" "best" 
"print.default" "print" "print.data.frame" "<Anonymous>" "best" 
"print.default" "print" "print.data.frame" "<Anonymous>" "best" 
"print.default" "print" "print.data.frame" "<Anonymous>" "best" 
"print.default" "print" "print.data.frame" "<Anonymous>" "best" 
"print.default" "print" "print.data.frame" "<Anonymous>" "best" 
"print.default" "print" "print.data.frame" "<Anonymous>" "best" 
"print.default" "print" "print.data.frame" "<Anonymous>" "best" 
"print.default" "print" "print.data.frame" "<Anonymous>" "best" 
"print.default" "print" "print.data.frame" "<Anonymous>" "best" 
"print.default" "print" "print.data.frame" "<Anonymous>" "best" 
"print.default" "print" "print.data.frame" "<Anonymous>" "best" 
"print.default" "print" "print.data.frame" "<Anonymous>" "best" 
"print.default" "print" "print.data.frame" "<Anonymous>" "best" 
"print.default" "print" "print.data.frame" "<Anonymous>" "best" 
"print.default" "print" "print.data.frame" "<Anonymous>" "best" 
"print.default" "print" "print.data.frame" "<Anonymous>" "best" 
"print.default" "print" "print.data.frame" "<Anonymous>" "best" 
"print.default" "print" "print.data.frame" "<Anonymous>" "best" 
"print.default" "print" "print.data.frame" "<Anonymous>" "best" 
"print.default" "print" "print.data.frame" "<Anonymous>" "best" 
"print.default" "print" "print.data.frame" "<Anonymous>" "best" 
"print.default" "print" "print.data.frame" "<Anonymous>" "best" 
"format.default" "format" "format.data.frame" "as.matrix" "print.data.frame" "<Anonymous>" "best" 
"format.default" "format" "format.data.frame" "as.matrix" "print.data.frame" "<Anonymous>" "best" 
"format.default" "format" "format.data.frame" "as.matrix" "print.data.frame" "<Anonymous>" "best" 
"format.default" "format" "format.data.frame" "as.matrix" "print.data.frame" "<Anonymous>" "best" 
"format.default" "format" "format.data.frame" "as.matrix" "print.data.frame" "<Anonymous>" "best" 
"format.default" "format" "format.data.frame" "as.matrix" "print.data.frame" "<Anonymous>" "best" 
"format.default" "format" "format.data.frame" "as.matrix" "print.data.frame" "<Anonymous>" "best" 
"format.default" "format" "format.data.frame" "as.matrix" "print.data.frame" "<Anonymous>" "best" 
"format.default" "format" "format.data.frame" "as.matrix" "print.data.frame" "<Anonymous>" "best" 
"format.default" "format" "format.data.frame" "as.matrix" "print.data.frame" "<Anonymous>" "best" 
"format.default" "format" "format.data.frame" "as.matrix" "print.data.frame" "<Anonymous>" "best" 
"format.default" "format" "format.data.frame" "as.matrix" "print.data.frame" "<Anonymous>" "best" 
"format.default" "format" "format.data.frame" "as.matrix" "print.data.frame" "<Anonymous>" "best" 
"format.default" "format" "format.data.frame" "as.matrix" "print.data.frame" "<Anonymous>" "best" 
"format.default" "format" "format.data.frame" "as.matrix" "print.data.frame" "<Anonymous>" "best" 
"format.default" "format" "format.data.frame" "as.matrix" "print.data.frame" "<Anonymous>" "best" 
"format.default" "format" "format.data.frame" "as.matrix" "print.data.frame" "<Anonymous>" "best" 
"format.default" "format" "format.data.frame" "as.matrix" "print.data.frame" "<Anonymous>" "best" 
"format.default" "format" "format.data.frame" "as.matrix" "print.data.frame" "<Anonymous>" "best" 
"format.default" "format" "format.data.frame" "as.matrix" "print.data.frame" "<Anonymous>" "best" 
"format.default" "format" "format.data.frame" "as.matrix" "print.data.frame" "<Anonymous>" "best" 
"format.default" "format" "format.data.frame" "as.matrix" "print.data.frame" "<Anonymous>" "best" 
"match.arg" "format.default" "format" "format.data.frame" "as.matrix" "print.data.frame" "<Anonymous>" "best" 
"format.default" "format" "format.data.frame" "as.matrix" "print.data.frame" "<Anonymous>" "best" 
"format.default" "format" "format.data.frame" "as.matrix" "print.data.frame" "<Anonymous>" "best" 
"format.default" "format" "format.data.frame" "as.matrix" "print.data.frame" "<Anonymous>" "best" 
"print.default" "print" "print.data.frame" "<Anonymous>" "best" 
"print.default" "print" "print.data.frame" "<Anonymous>" "best" 
"print.default" "print" "print.data.frame" "<Anonymous>" "best" 
"print.default" "print" "print.data.frame" "<Anonymous>" "best" 
"print.default" "print" "print.data.frame" "<Anonymous>" "best" 
"print.default" "print" "print.data.frame" "<Anonymous>" "best" 
"print.default" "print" "print.data.frame" "<Anonymous>" "best" 
"print.default" "print" "print.data.frame" "<Anonymous>" "best" 
"print.default" "print" "print.data.frame" "<Anonymous>" "best" 
"print.default" "print" "print.data.frame" "<Anonymous>" "best" 
"print.default" "print" "print.data.frame" "<Anonymous>" "best" 
"print.default" "print" "print.data.frame" "<Anonymous>" "best" 
"print.default" "print" "print.data.frame" "<Anonymous>" "best" 
"print.default" "print" "print.data.frame" "<Anonymous>" "best" 
"print.default" "print" "print.data.frame" "<Anonymous>" "best" 
"print.default" "print" "print.data.frame" "<Anonymous>" "best" 
"print.default" "print" "print.data.frame" "<Anonymous>" "best" 
"print.default" "print" "print.data.frame" "<Anonymous>" "best" 
"print.default" "print" "print.data.frame" "<Anonymous>" "best" 
"print.default" "print" "print.data.frame" "<Anonymous>" "best" 
"print.default" "print" "print.data.frame" "<Anonymous>" "best" 
"print.default" "print" "print.data.frame" "<Anonymous>" "best" 
"print.default" "print" "print.data.frame" "<Anonymous>" "best" 
"print.default" "print" "print.data.frame" "<Anonymous>" "best" 
"print.default" "print" "print.data.frame" "<Anonymous>" "best" 
"best" 
"best" 
"cat" "str.default" "NextMethod" "str.data.frame" "str" "best" 
"cat" "str.default" "str" "<Anonymous>" "do.call" "strSub" "str.default" "NextMethod" "str.data.frame" "str" "best" 
"best" 
"best" 
"best" 
"best" 
"best" 
"best" 
"file.exists" "index.search" "help" "eval" "eval" "?" "best" 
"strwrap" "flushBuffer" "blankLine" "writeSection" "tools::Rd2txt" "print.help_files_with_topic" "<Anonymous>" "best" 
"strwrap" "flushBuffer" "blankLine" "writeSection" "tools::Rd2txt" "print.help_files_with_topic" "<Anonymous>" "best" 
"file.show" "print.help_files_with_topic" "<Anonymous>" "best" 
"best" 
"best" 
"best" 
"writeBlock" "writeContent" "writeSection" "tools::Rd2txt" "print.help_files_with_topic" "<Anonymous>" "best" 
"put" "writeQ" "writeBlock" "writeContent" "writeSection" "tools::Rd2txt" "print.help_files_with_topic" "<Anonymous>" "best" 
"file.show" "print.help_files_with_topic" "<Anonymous>" "best" 
"best" 
"ls" "apropos" "normalCompletions" ".completeToken" "best" 
"best" 
".External" "read.table" "read.csv" "best" 
"scan" "read.table" "read.csv" "best" 
"scan" "read.table" "read.csv" "best" 
"scan" "read.table" "read.csv" "best" 
"scan" "read.table" "read.csv" "best" 
"scan" "read.table" "read.csv" "best" 
"scan" "read.table" "read.csv" "best" 
"scan" "read.table" "read.csv" "best" 
"scan" "read.table" "read.csv" "best" 
"scan" "read.table" "read.csv" "best" 
"scan" "read.table" "read.csv" "best" 
"scan" "read.table" "read.csv" "best" 
"scan" "read.table" "read.csv" "best" 
"scan" "read.table" "read.csv" "best" 
"scan" "read.table" "read.csv" "best" 
"scan" "read.table" "read.csv" "best" 
"best" 
"scan" "read.table" "read.csv" "best" 
"scan" "read.table" "read.csv" "best" 
"scan" "read.table" "read.csv" "best" 
"scan" "read.table" "read.csv" "best" 
"scan" "read.table" "read.csv" "best" 
"scan" "read.table" "read.csv" "best" 
"scan" "read.table" "read.csv" "best" 
"scan" "read.table" "read.csv" "best" 
"scan" "read.table" "read.csv" "best" 
"scan" "read.table" "read.csv" "best" 
"scan" "read.table" "read.csv" "best" 
"scan" "read.table" "read.csv" "best" 
"scan" "read.table" "read.csv" "best" 
"scan" "read.table" "read.csv" "best" 
"scan" "read.table" "read.csv" "best" 
"scan" "read.table" "read.csv" 
"scan" "read.table" "read.csv" 
"scan" "read.table" "read.csv" 
"scan" "read.table" "read.csv" 
"scan" "read.table" "read.csv" 
"scan" "read.table" "read.csv" 
"scan" "read.table" "read.csv" 
"scan" "read.table" "read.csv" 
"scan" "read.table" "read.csv" 
"scan" "read.table" "read.csv" 
"scan" "read.table" "read.csv" 
"scan" "read.table" "read.csv" 
"scan" "read.table" "read.csv" 
"scan" "read.table" "read.csv" 
".External2" "type.convert" "read.table" "read.csv" 
"grep" "ls" "apropos" "normalCompletions" ".completeToken" 
"format.default" "format" "format.data.frame" "as.matrix" "print.data.frame" "<Anonymous>" 
"format.default" "format" "format.data.frame" "as.matrix" "print.data.frame" "<Anonymous>" 
"print.default" "print" "print.data.frame" "<Anonymous>" 
"print.default" "print" "print.data.frame" "<Anonymous>" 
"print.default" "print" "print.data.frame" "<Anonymous>" 
"print.default" "print" "print.data.frame" "<Anonymous>" 
"print.default" "print" "print.data.frame" "<Anonymous>" 
"print.default" "print" "print.data.frame" "<Anonymous>" 
"print.default" "print" "print.data.frame" "<Anonymous>" 
"print.default" "print" "print.data.frame" "<Anonymous>" 
"print.default" "print" "print.data.frame" "<Anonymous>" 
"match.fun" "lapply" "inFunction" ".completeToken" 
"scan" "read.table" "read.csv" "best" 
"scan" "read.table" "read.csv" "best" 
"scan" "read.table" "read.csv" "best" 
"scan" "read.table" "read.csv" "best" 
"scan" "read.table" "read.csv" "best" 
"scan" "read.table" "read.csv" "best" 
"scan" "read.table" "read.csv" "best" 
"scan" "read.table" "read.csv" "best" 
"scan" "read.table" "read.csv" "best" 
"scan" "read.table" "read.csv" "best" 
"scan" "read.table" "read.csv" "best" 
"scan" "read.table" "read.csv" "best" 
"scan" "read.table" "read.csv" "best" 
"sc